build/app/intermediates/manifest_merge_blame_file/release/manifest-merger-blame-release-report.txt
1<?xml version="1.0" encoding="utf-8"?>
2<manifest xmlns:android="http://schemas.android.com/apk/res/android"
3    package="com.example.test_final"
4    android:versionCode="1"
5    android:versionName="1.0.0" >
6
7    <uses-sdk
8        android:minSdkVersion="21"
8-->src/main/AndroidManifest.xml
9        android:targetSdkVersion="31" />
9-->src/main/AndroidManifest.xml
10
11    <uses-permission
11-->src/main/AndroidManifest.xml:34:5-35:51
12        android:name="android.permission.BLUETOOTH"
12-->src/main/AndroidManifest.xml:34:22-65
13        android:maxSdkVersion="30" />
13-->src/main/AndroidManifest.xml:35:22-48
14    <uses-permission
14-->src/main/AndroidManifest.xml:36:5-37:51
15        android:name="android.permission.BLUETOOTH_ADMIN"
15-->src/main/AndroidManifest.xml:36:22-71
16        android:maxSdkVersion="30" />
16-->src/main/AndroidManifest.xml:37:22-48
17    <uses-permission
17-->src/main/AndroidManifest.xml:38:5-73
18        android:name="android.permission.BLUETOOTH_SCAN"
18-->src/main/AndroidManifest.xml:38:22-70
19        android:usesPermissionFlags="neverForLocation" />
19-->[com.polidea.rxandroidble2:rxandroidble:1.13.0] AndroidManifest.xml:23:9-55
20    <uses-permission android:name="android.permission.BLUETOOTH_ADVERTISE" />
20-->src/main/AndroidManifest.xml:39:5-78
20-->src/main/AndroidManifest.xml:39:22-75
21    <uses-permission android:name="android.permission.BLUETOOTH_CONNECT" />
21-->src/main/AndroidManifest.xml:40:5-76
21-->src/main/AndroidManifest.xml:40:22-73
22    <uses-permission android:name="android.permission.ACCESS_FINE_LOCATION" />
22-->src/main/AndroidManifest.xml:41:5-79
22-->src/main/AndroidManifest.xml:41:22-76
23    <!-- required for API 23 - 30 -->
24    <uses-permission-sdk-23
24-->[:reactive_ble_mobile] AndroidManifest.xml:18:5-20:38
25        android:name="android.permission.ACCESS_COARSE_LOCATION"
25-->[:reactive_ble_mobile] AndroidManifest.xml:19:9-65
26        android:maxSdkVersion="30" />
26-->[:reactive_ble_mobile] AndroidManifest.xml:20:9-35
27    <uses-permission-sdk-23
27-->[:reactive_ble_mobile] AndroidManifest.xml:21:5-23:38
28        android:name="android.permission.ACCESS_FINE_LOCATION"
28-->[:reactive_ble_mobile] AndroidManifest.xml:22:9-63
29        android:maxSdkVersion="30" />
29-->[:reactive_ble_mobile] AndroidManifest.xml:23:9-35
30
31    <application
32        android:name="android.app.Application"
32-->src/main/AndroidManifest.xml:5:9-42
33        android:appComponentFactory="androidx.core.app.CoreComponentFactory"
33-->[androidx.core:core:1.6.0] AndroidManifest.xml:24:18-86
34        android:icon="@mipmap/ic_launcher"
34-->src/main/AndroidManifest.xml:6:9-43
35        android:label="test_final" >
35-->src/main/AndroidManifest.xml:4:9-35
36        <activity
36-->src/main/AndroidManifest.xml:7:9-27:20
37            android:name="com.example.test_final.MainActivity"
37-->src/main/AndroidManifest.xml:8:13-41
38            android:configChanges="orientation|keyboardHidden|keyboard|screenSize|smallestScreenSize|locale|layoutDirection|fontScale|screenLayout|density|uiMode"
38-->src/main/AndroidManifest.xml:12:13-163
39            android:exported="true"
39-->src/main/AndroidManifest.xml:9:13-36
40            android:hardwareAccelerated="true"
40-->src/main/AndroidManifest.xml:13:13-47
41            android:launchMode="singleTop"
41-->src/main/AndroidManifest.xml:10:13-43
42            android:theme="@style/LaunchTheme"
42-->src/main/AndroidManifest.xml:11:13-47
43            android:windowSoftInputMode="adjustResize" >
43-->src/main/AndroidManifest.xml:14:13-55
44
45            <!--
46                 Specifies an Android theme to apply to this Activity as soon as
47                 the Android process has started. This theme is visible to the user
48                 while the Flutter UI initializes. After that, this theme continues
49                 to determine the Window background behind the Flutter UI.
50            -->
51            <meta-data
51-->src/main/AndroidManifest.xml:19:13-22:17
52                android:name="io.flutter.embedding.android.NormalTheme"
52-->src/main/AndroidManifest.xml:20:15-70
53                android:resource="@style/NormalTheme" />
53-->src/main/AndroidManifest.xml:21:15-52
54
55            <intent-filter>
55-->src/main/AndroidManifest.xml:23:13-26:29
56                <action android:name="android.intent.action.MAIN" />
56-->src/main/AndroidManifest.xml:24:17-68
56-->src/main/AndroidManifest.xml:24:25-66
57
58                <category android:name="android.intent.category.LAUNCHER" />
58-->src/main/AndroidManifest.xml:25:17-76
58-->src/main/AndroidManifest.xml:25:27-74
59            </intent-filter>
60        </activity>
61        <!--
62             Don't delete the meta-data below.
63             This is used by the Flutter tool to generate GeneratedPluginRegistrant.java
64        -->
65        <meta-data
65-->src/main/AndroidManifest.xml:30:9-32:33
66            android:name="flutterEmbedding"
66-->src/main/AndroidManifest.xml:31:13-44
67            android:value="2" />
67-->src/main/AndroidManifest.xml:32:13-30
68
69        <uses-library
69-->[androidx.window:window:1.0.0-beta04] AndroidManifest.xml:25:9-27:40
70            android:name="androidx.window.extensions"
70-->[androidx.window:window:1.0.0-beta04] AndroidManifest.xml:26:13-54
71            android:required="false" />
71-->[androidx.window:window:1.0.0-beta04] AndroidManifest.xml:27:13-37
72        <uses-library
72-->[androidx.window:window:1.0.0-beta04] AndroidManifest.xml:28:9-30:40
73            android:name="androidx.window.sidecar"
73-->[androidx.window:window:1.0.0-beta04] AndroidManifest.xml:29:13-51
74            android:required="false" />
74-->[androidx.window:window:1.0.0-beta04] AndroidManifest.xml:30:13-37
75    </application>
76
77</manifest>